2019-05-17 00:40:46,198 - Null reference [template 'templates/web/edit.vue.vm', line 235, column 14] : $nextTick cannot be resolved.
2019-05-17 00:40:46,198 - Null reference [template 'templates/web/edit.vue.vm', line 236, column 20] : $refs cannot be resolved.
2019-05-17 00:40:46,198 - Null reference [template 'templates/web/edit.vue.vm', line 237, column 18] : $refs cannot be resolved.
2019-05-17 00:40:46,205 - ResourceManager : found templates/web/search.vue.vm with loader org.apache.velocity.runtime.resource.loader.ClasspathResourceLoader
2019-05-17 00:40:46,210 - ResourceManager : found templates/web/api.js.vm with loader org.apache.velocity.runtime.resource.loader.ClasspathResourceLoader
2019-05-17 00:40:46,216 - ResourceManager : found templates/web/route.js.vm with loader org.apache.velocity.runtime.resource.loader.ClasspathResourceLoader
2019-05-17 00:44:28,947 - ResourceManager : found templates/Controller.java.vm with loader org.apache.velocity.runtime.resource.loader.ClasspathResourceLoader
2019-05-17 00:44:28,953 - ResourceManager : found templates/Service.java.vm with loader org.apache.velocity.runtime.resource.loader.ClasspathResourceLoader
2019-05-17 00:44:28,967 - ResourceManager : found templates/ServiceImpl.java.vm with loader org.apache.velocity.runtime.resource.loader.ClasspathResourceLoader
2019-05-17 00:44:28,972 - ResourceManager : found templates/Pojo.java.vm with loader org.apache.velocity.runtime.resource.loader.ClasspathResourceLoader
2019-05-17 00:44:28,978 - ResourceManager : found templates/VO.java.vm with loader org.apache.velocity.runtime.resource.loader.ClasspathResourceLoader
2019-05-17 00:44:28,981 - ResourceManager : found templates/Dao.java.vm with loader org.apache.velocity.runtime.resource.loader.ClasspathResourceLoader
2019-05-17 00:44:28,984 - ResourceManager : found templates/Dao.xml.vm with loader org.apache.velocity.runtime.resource.loader.ClasspathResourceLoader
2019-05-17 00:44:28,989 - ResourceManager : found templates/web/local.js.vm with loader org.apache.velocity.runtime.resource.loader.ClasspathResourceLoader
2019-05-17 00:44:29,000 - ResourceManager : found templates/web/list.vue.vm with loader org.apache.velocity.runtime.resource.loader.ClasspathResourceLoader
2019-05-17 00:44:29,032 - ResourceManager : found templates/web/edit.vue.vm with loader org.apache.velocity.runtime.resource.loader.ClasspathResourceLoader
2019-05-17 00:44:29,035 - Right side ($element.size()) of '!=' operation has null value. If it is a reference, it may not be in the context or its toString() returned null. templates/web/edit.vue.vm[line 195, column 31]
2019-05-17 00:44:29,035 - Right side ($element.size()) of '!=' operation has null value. If it is a reference, it may not be in the context or its toString() returned null. templates/web/edit.vue.vm[line 195, column 31]
2019-05-17 00:44:29,035 - Right side ($element.size()) of '!=' operation has null value. If it is a reference, it may not be in the context or its toString() returned null. templates/web/edit.vue.vm[line 195, column 31]
2019-05-17 00:44:29,035 - Null reference [template 'templates/web/edit.vue.vm', line 235, column 14] : $nextTick cannot be resolved.
2019-05-17 00:44:29,036 - Null reference [template 'templates/web/edit.vue.vm', line 236, column 20] : $refs cannot be resolved.
2019-05-17 00:44:29,036 - Null reference [template 'templates/web/edit.vue.vm', line 237, column 18] : $refs cannot be resolved.
2019-05-17 00:44:29,040 - ResourceManager : found templates/web/search.vue.vm with loader org.apache.velocity.runtime.resource.loader.ClasspathResourceLoader
2019-05-17 00:44:29,046 - ResourceManager : found templates/web/api.js.vm with loader org.apache.velocity.runtime.resource.loader.ClasspathResourceLoader
2019-05-17 00:44:29,051 - ResourceManager : found templates/web/route.js.vm with loader org.apache.velocity.runtime.resource.loader.ClasspathResourceLoader
